<?xml version="1.0" encoding="UTF-8"?>
<!-- Generated by org.testng.reporters.JUnitReportReporter -->
<testsuite hostname="BFS-CA645327-N" failures="0" tests="3" name="com.au.byteUX.Test.Package.UX_BeekeeperRegressionTestCasesTestRail" time="215.727" errors="3" timestamp="26 Nov 2020 05:40:43 GMT" skipped="0">
  <testcase classname="com.au.byteUX.Test.Package.UX_BeekeeperRegressionTestCasesTestRail" name="addHiveLocationAddress" time="75.650">
    <error message="junit/framework/Assert" type="java.lang.NoClassDefFoundError">
      <![CDATA[java.lang.NoClassDefFoundError: junit/framework/Assert
at com.au.byteUX.Test.Package.UX_BeekeeperRegressionTestCasesTestRail.addHiveLocationAddress(UX_BeekeeperRegressionTestCasesTestRail.java:207)
at java.base/jdk.internal.reflect.NativeMethodAccessorImpl.invoke0(Native Method)
at java.base/jdk.internal.reflect.NativeMethodAccessorImpl.invoke(NativeMethodAccessorImpl.java:64)
at java.base/jdk.internal.reflect.DelegatingMethodAccessorImpl.invoke(DelegatingMethodAccessorImpl.java:43)
at java.base/java.lang.reflect.Method.invoke(Method.java:564)
at org.testng.internal.MethodInvocationHelper.invokeMethod(MethodInvocationHelper.java:124)
at org.testng.internal.Invoker.invokeMethod(Invoker.java:583)
at org.testng.internal.Invoker.invokeTestMethod(Invoker.java:719)
at org.testng.internal.Invoker.invokeTestMethods(Invoker.java:989)
at org.testng.internal.TestMethodWorker.invokeTestMethods(TestMethodWorker.java:125)
at org.testng.internal.TestMethodWorker.run(TestMethodWorker.java:109)
at java.base/java.util.concurrent.ThreadPoolExecutor.runWorker(ThreadPoolExecutor.java:1130)
at java.base/java.util.concurrent.ThreadPoolExecutor$Worker.run(ThreadPoolExecutor.java:630)
at java.base/java.lang.Thread.run(Thread.java:832)
]]>
    </error>
  </testcase> <!-- addHiveLocationAddress -->
  <testcase classname="com.au.byteUX.Test.Package.UX_BeekeeperRegressionTestCasesTestRail" name="UpdateAccountDetailsAndPrimaryLocation" time="64.871">
    <error message="junit/framework/Assert" type="java.lang.NoClassDefFoundError">
      <![CDATA[java.lang.NoClassDefFoundError: junit/framework/Assert
at com.au.byteUX.Test.Package.UX_BeekeeperRegressionTestCasesTestRail.UpdateAccountDetailsAndPrimaryLocation(UX_BeekeeperRegressionTestCasesTestRail.java:104)
at java.base/jdk.internal.reflect.NativeMethodAccessorImpl.invoke0(Native Method)
at java.base/jdk.internal.reflect.NativeMethodAccessorImpl.invoke(NativeMethodAccessorImpl.java:64)
at java.base/jdk.internal.reflect.DelegatingMethodAccessorImpl.invoke(DelegatingMethodAccessorImpl.java:43)
at java.base/java.lang.reflect.Method.invoke(Method.java:564)
at org.testng.internal.MethodInvocationHelper.invokeMethod(MethodInvocationHelper.java:124)
at org.testng.internal.Invoker.invokeMethod(Invoker.java:583)
at org.testng.internal.Invoker.invokeTestMethod(Invoker.java:719)
at org.testng.internal.Invoker.invokeTestMethods(Invoker.java:989)
at org.testng.internal.TestMethodWorker.invokeTestMethods(TestMethodWorker.java:125)
at org.testng.internal.TestMethodWorker.run(TestMethodWorker.java:109)
at java.base/java.util.concurrent.ThreadPoolExecutor.runWorker(ThreadPoolExecutor.java:1130)
at java.base/java.util.concurrent.ThreadPoolExecutor$Worker.run(ThreadPoolExecutor.java:630)
at java.base/java.lang.Thread.run(Thread.java:832)
Caused by: java.lang.ClassNotFoundException: junit.framework.Assert
at java.base/jdk.internal.loader.BuiltinClassLoader.loadClass(BuiltinClassLoader.java:606)
at java.base/jdk.internal.loader.ClassLoaders$AppClassLoader.loadClass(ClassLoaders.java:168)
at java.base/java.lang.ClassLoader.loadClass(ClassLoader.java:522)
... 14 more
]]>
    </error>
  </testcase> <!-- UpdateAccountDetailsAndPrimaryLocation -->
  <testcase classname="com.au.byteUX.Test.Package.UX_BeekeeperRegressionTestCasesTestRail" name="addHiveBrand" time="75.206">
    <error message="junit/framework/Assert" type="java.lang.NoClassDefFoundError">
      <![CDATA[java.lang.NoClassDefFoundError: junit/framework/Assert
at com.au.byteUX.Test.Package.UX_BeekeeperRegressionTestCasesTestRail.addHiveBrand(UX_BeekeeperRegressionTestCasesTestRail.java:300)
at java.base/jdk.internal.reflect.NativeMethodAccessorImpl.invoke0(Native Method)
at java.base/jdk.internal.reflect.NativeMethodAccessorImpl.invoke(NativeMethodAccessorImpl.java:64)
at java.base/jdk.internal.reflect.DelegatingMethodAccessorImpl.invoke(DelegatingMethodAccessorImpl.java:43)
at java.base/java.lang.reflect.Method.invoke(Method.java:564)
at org.testng.internal.MethodInvocationHelper.invokeMethod(MethodInvocationHelper.java:124)
at org.testng.internal.Invoker.invokeMethod(Invoker.java:583)
at org.testng.internal.Invoker.invokeTestMethod(Invoker.java:719)
at org.testng.internal.Invoker.invokeTestMethods(Invoker.java:989)
at org.testng.internal.TestMethodWorker.invokeTestMethods(TestMethodWorker.java:125)
at org.testng.internal.TestMethodWorker.run(TestMethodWorker.java:109)
at java.base/java.util.concurrent.ThreadPoolExecutor.runWorker(ThreadPoolExecutor.java:1130)
at java.base/java.util.concurrent.ThreadPoolExecutor$Worker.run(ThreadPoolExecutor.java:630)
at java.base/java.lang.Thread.run(Thread.java:832)
]]>
    </error>
  </testcase> <!-- addHiveBrand -->
</testsuite> <!-- com.au.byteUX.Test.Package.UX_BeekeeperRegressionTestCasesTestRail -->
