<?xml version="1.0" encoding="UTF-8"?>
<!-- Generated by org.testng.reporters.JUnitXMLReporter -->
<testsuite ignored="0" hostname="BFS-CA645327-N" failures="3" tests="3" name="Test" time="75.699" errors="0" timestamp="26 Nov 2020 05:40:42 GMT">
  <testcase classname="com.au.byteUX.Test.Package.UX_BeekeeperRegressionTestCasesTestRail" name="UpdateAccountDetailsAndPrimaryLocation" time="64.871">
    <failure type="java.lang.NoClassDefFoundError" message="junit/framework/Assert">
      <![CDATA[java.lang.NoClassDefFoundError: junit/framework/Assert
at com.au.byteUX.Test.Package.UX_BeekeeperRegressionTestCasesTestRail.UpdateAccountDetailsAndPrimaryLocation(UX_BeekeeperRegressionTestCasesTestRail.java:104)
at java.base/java.util.concurrent.ThreadPoolExecutor.runWorker(ThreadPoolExecutor.java:1130)
at java.base/java.util.concurrent.ThreadPoolExecutor$Worker.run(ThreadPoolExecutor.java:630)
at java.base/java.lang.Thread.run(Thread.java:832)
Caused by: java.lang.ClassNotFoundException: junit.framework.Assert
at java.base/jdk.internal.loader.BuiltinClassLoader.loadClass(BuiltinClassLoader.java:606)
at java.base/jdk.internal.loader.ClassLoaders$AppClassLoader.loadClass(ClassLoaders.java:168)
at java.base/java.lang.ClassLoader.loadClass(ClassLoader.java:522)
... 14 more
... Removed 10 stack frames]]>
    </failure>
  </testcase> <!-- UpdateAccountDetailsAndPrimaryLocation -->
  <testcase classname="com.au.byteUX.Test.Package.UX_BeekeeperRegressionTestCasesTestRail" name="addHiveBrand" time="75.206">
    <failure type="java.lang.NoClassDefFoundError" message="junit/framework/Assert">
      <![CDATA[java.lang.NoClassDefFoundError: junit/framework/Assert
at com.au.byteUX.Test.Package.UX_BeekeeperRegressionTestCasesTestRail.addHiveBrand(UX_BeekeeperRegressionTestCasesTestRail.java:300)
at java.base/java.util.concurrent.ThreadPoolExecutor.runWorker(ThreadPoolExecutor.java:1130)
at java.base/java.util.concurrent.ThreadPoolExecutor$Worker.run(ThreadPoolExecutor.java:630)
at java.base/java.lang.Thread.run(Thread.java:832)
... Removed 10 stack frames]]>
    </failure>
  </testcase> <!-- addHiveBrand -->
  <testcase classname="com.au.byteUX.Test.Package.UX_BeekeeperRegressionTestCasesTestRail" name="addHiveLocationAddress" time="75.65">
    <failure type="java.lang.NoClassDefFoundError" message="junit/framework/Assert">
      <![CDATA[java.lang.NoClassDefFoundError: junit/framework/Assert
at com.au.byteUX.Test.Package.UX_BeekeeperRegressionTestCasesTestRail.addHiveLocationAddress(UX_BeekeeperRegressionTestCasesTestRail.java:207)
at java.base/java.util.concurrent.ThreadPoolExecutor.runWorker(ThreadPoolExecutor.java:1130)
at java.base/java.util.concurrent.ThreadPoolExecutor$Worker.run(ThreadPoolExecutor.java:630)
at java.base/java.lang.Thread.run(Thread.java:832)
... Removed 10 stack frames]]>
    </failure>
  </testcase> <!-- addHiveLocationAddress -->
</testsuite> <!-- Test -->
