<?xml version="1.0" encoding="UTF-8"?>
<!-- Generated by org.testng.reporters.JUnitReportReporter -->
<testsuite hostname="BFS-CA645954-N" failures="1" tests="1" name="com.au.byteUX.Test.Package.UX_MyAuthorisation_Smoke_RTO_Test" time="209.837" errors="0" timestamp="2020-12-24T11:03:37 AEDT" skipped="0">
  <testcase classname="com.au.byteUX.Test.Package.UX_MyAuthorisation_Smoke_RTO_Test" name="verifyMyAuthTabClick" time="209.837">
    <failure message="The following asserts failed:
	Failed to click Training Info Tab expected [true] but found [false],
	Failed to click Trainer Tab expected [true] but found [false],
	Failed to find Training Button expected [true] but found [false],
	Failed to click Payments Tab expected [true] but found [false]" type="java.lang.AssertionError">
      <![CDATA[java.lang.AssertionError: The following asserts failed:
Failed to click Training Info Tab expected [true] but found [false],
Failed to click Trainer Tab expected [true] but found [false],
Failed to find Training Button expected [true] but found [false],
Failed to click Payments Tab expected [true] but found [false]
at org.testng.asserts.SoftAssert.assertAll(SoftAssert.java:47)
at org.testng.asserts.SoftAssert.assertAll(SoftAssert.java:31)
at com.au.byteUX.Test.Package.UX_MyAuthorisation_Smoke_RTO_Test.verifyMyAuthTabClick(UX_MyAuthorisation_Smoke_RTO_Test.java:290)
at java.base/jdk.internal.reflect.NativeMethodAccessorImpl.invoke0(Native Method)
at java.base/jdk.internal.reflect.NativeMethodAccessorImpl.invoke(NativeMethodAccessorImpl.java:62)
at java.base/jdk.internal.reflect.DelegatingMethodAccessorImpl.invoke(DelegatingMethodAccessorImpl.java:43)
at java.base/java.lang.reflect.Method.invoke(Method.java:564)
at org.testng.internal.MethodInvocationHelper.invokeMethod(MethodInvocationHelper.java:132)
at org.testng.internal.TestInvoker.invokeMethod(TestInvoker.java:599)
at org.testng.internal.TestInvoker.invokeTestMethod(TestInvoker.java:174)
at org.testng.internal.MethodRunner.runInSequence(MethodRunner.java:46)
at org.testng.internal.TestInvoker$MethodInvocationAgent.invoke(TestInvoker.java:822)
at org.testng.internal.TestInvoker.invokeTestMethods(TestInvoker.java:147)
at org.testng.internal.TestMethodWorker.invokeTestMethods(TestMethodWorker.java:146)
at org.testng.internal.TestMethodWorker.run(TestMethodWorker.java:128)
at java.base/java.util.concurrent.ThreadPoolExecutor.runWorker(ThreadPoolExecutor.java:1130)
at java.base/java.util.concurrent.ThreadPoolExecutor$Worker.run(ThreadPoolExecutor.java:630)
at java.base/java.lang.Thread.run(Thread.java:832)
]]>
    </failure>
  </testcase> <!-- verifyMyAuthTabClick -->
  <system-out/>
</testsuite> <!-- com.au.byteUX.Test.Package.UX_MyAuthorisation_Smoke_RTO_Test -->
